<?xml version="1.0" encoding="UTF-8"?>
<testng-results skipped="0" failed="0" ignored="1" total="3" passed="2">
  <reporter-output>
  </reporter-output>
  <suite name="Default suite" duration-ms="38313" started-at="2022-02-07T03:50:24Z" finished-at="2022-02-07T03:51:03Z">
    <groups>
    </groups>
    <test name="Default test" duration-ms="38313" started-at="2022-02-07T03:50:24Z" finished-at="2022-02-07T03:51:03Z">
      <class name="tests.SearchTest">
        <test-method status="PASS" signature="launchBrowser()[pri:0, instance:tests.SearchTest@20322d26]" name="launchBrowser" is-config="true" duration-ms="7263" started-at="2022-02-07T09:20:24Z" finished-at="2022-02-07T09:20:32Z">
          <reporter-output>
          </reporter-output>
        </test-method> <!-- launchBrowser -->
        <test-method status="PASS" signature="Test1()[pri:1, instance:tests.SearchTest@20322d26]" name="Test1" duration-ms="12129" started-at="2022-02-07T09:20:32Z" finished-at="2022-02-07T09:20:44Z">
          <reporter-output>
          </reporter-output>
        </test-method> <!-- Test1 -->
        <test-method status="PASS" signature="CloseBrowser()[pri:0, instance:tests.SearchTest@20322d26]" name="CloseBrowser" is-config="true" duration-ms="553" started-at="2022-02-07T09:20:44Z" finished-at="2022-02-07T09:20:44Z">
          <reporter-output>
          </reporter-output>
        </test-method> <!-- CloseBrowser -->
        <test-method status="PASS" signature="launchBrowser()[pri:0, instance:tests.SearchTest@20322d26]" name="launchBrowser" is-config="true" duration-ms="5670" started-at="2022-02-07T09:20:44Z" finished-at="2022-02-07T09:20:50Z">
          <reporter-output>
          </reporter-output>
        </test-method> <!-- launchBrowser -->
        <test-method status="PASS" signature="Test2()[pri:2, instance:tests.SearchTest@20322d26]" name="Test2" duration-ms="8395" started-at="2022-02-07T09:20:50Z" finished-at="2022-02-07T09:20:58Z">
          <reporter-output>
          </reporter-output>
        </test-method> <!-- Test2 -->
        <test-method status="PASS" signature="CloseBrowser()[pri:0, instance:tests.SearchTest@20322d26]" name="CloseBrowser" is-config="true" duration-ms="4267" started-at="2022-02-07T09:20:58Z" finished-at="2022-02-07T09:21:03Z">
          <reporter-output>
          </reporter-output>
        </test-method> <!-- CloseBrowser -->
      </class> <!-- tests.SearchTest -->
    </test> <!-- Default test -->
  </suite> <!-- Default suite -->
</testng-results>
