<?xml version="1.0" encoding="UTF-8"?>
<!-- Generated by org.testng.reporters.JUnitXMLReporter -->
<testsuite hostname="DESKTOP-IL3GENK" ignored="1" name="Default test" tests="2" failures="0" timestamp="07 Feb 2022 03:51:03 GMT" time="38.313" errors="0">
  <testcase name="Test1" time="12.129" classname="tests.SearchTest"/>
  <testcase name="Test2" time="8.395" classname="tests.SearchTest"/>
  <testcase name="Returntest" time="0.0" classname="tests.SearchTest">
    <ignored/>
  </testcase> <!-- Returntest -->
</testsuite> <!-- Default test -->
