<?xml version="1.0" encoding="UTF-8"?>
<testng-results skipped="0" failed="0" ignored="0" total="1" passed="1">
  <reporter-output>
  </reporter-output>
  <suite name="Suite" duration-ms="10883" started-at="2022-02-01T16:09:41 IST" finished-at="2022-02-01T16:09:52 IST">
    <groups>
    </groups>
    <test name="Test" duration-ms="10883" started-at="2022-02-01T16:09:41 IST" finished-at="2022-02-01T16:09:52 IST">
      <class name="tests.SearchTest">
        <test-method status="PASS" signature="launchBrowser()[pri:0, instance:tests.SearchTest@7f13d6e]" name="launchBrowser" is-config="true" duration-ms="4794" started-at="2022-02-01T16:09:41 IST" finished-at="2022-02-01T16:09:46 IST">
          <reporter-output>
          </reporter-output>
        </test-method> <!-- launchBrowser -->
        <test-method status="PASS" signature="Test1()[pri:0, instance:tests.SearchTest@7f13d6e]" name="Test1" duration-ms="6022" started-at="2022-02-01T16:09:46 IST" finished-at="2022-02-01T16:09:52 IST">
          <reporter-output>
          </reporter-output>
        </test-method> <!-- Test1 -->
      </class> <!-- tests.SearchTest -->
    </test> <!-- Test -->
  </suite> <!-- Suite -->
</testng-results>
